mode: set
github.com/williaminfante/go_test_mocking/src/vehicle/vehicle.go:14.88,16.27 2 1
github.com/williaminfante/go_test_mocking/src/vehicle/vehicle.go:19.2,19.14 1 1
github.com/williaminfante/go_test_mocking/src/vehicle/vehicle.go:16.27,18.3 1 1
github.com/williaminfante/go_test_mocking/src/vehicle/vehicle.go:19.14,21.3 1 1
github.com/williaminfante/go_test_mocking/src/vehicle/vehicle.go:21.8,23.3 1 1
github.com/williaminfante/go_test_mocking/src/maintenance/maintenance.go:8.76,9.14 1 1
github.com/williaminfante/go_test_mocking/src/maintenance/maintenance.go:12.2,12.16 1 1
github.com/williaminfante/go_test_mocking/src/maintenance/maintenance.go:9.14,11.3 1 1
github.com/williaminfante/go_test_mocking/src/maintenance/maintenance.go:12.16,14.3 1 1
github.com/williaminfante/go_test_mocking/src/maintenance/maintenance.go:14.8,16.3 1 1
