mode: set
github.com/williaminfante/go_test_mocking/src/maintenance/maintenance.go:8.76,9.14 1 1
github.com/williaminfante/go_test_mocking/src/maintenance/maintenance.go:12.2,12.16 1 1
github.com/williaminfante/go_test_mocking/src/maintenance/maintenance.go:9.14,11.3 1 1
github.com/williaminfante/go_test_mocking/src/maintenance/maintenance.go:12.16,14.3 1 1
github.com/williaminfante/go_test_mocking/src/maintenance/maintenance.go:14.8,16.3 1 1
github.com/williaminfante/go_test_mocking/src/vehicle/vehicle.go:9.64,12.27 3 1
github.com/williaminfante/go_test_mocking/src/vehicle/vehicle.go:15.2,15.14 1 1
github.com/williaminfante/go_test_mocking/src/vehicle/vehicle.go:12.27,14.3 1 1
github.com/williaminfante/go_test_mocking/src/vehicle/vehicle.go:15.14,17.3 1 1
github.com/williaminfante/go_test_mocking/src/vehicle/vehicle.go:17.8,19.3 1 1
